<?xml version="1.0" encoding="UTF-8"?>
<testsuite xmlns:xsi="http://www.w3.org/2001/XMLSchema-instance" xsi:noNamespaceSchemaLocation="https://maven.apache.org/surefire/maven-surefire-plugin/xsd/surefire-test-report-3.0.xsd" version="3.0" name="com.comp301.a09akari.ModelImplTest" time="0.075" tests="4" errors="0" skipped="0" failures="0">
  <properties>
[...]
</properties>
  <testcase name="constructor" classname="com.comp301.a09akari.ModelImplTest" time="0.04"/>
  <testcase name="addLamp" classname="com.comp301.a09akari.ModelImplTest" time="0.004"/>
  <testcase name="isLit" classname="com.comp301.a09akari.ModelImplTest" time="0.002"/>
  <testcase name="removeLamp" classname="com.comp301.a09akari.ModelImplTest" time="0.006"/>
</testsuite>